<?xml version="1.0" encoding="UTF-8"?>
<!-- Generated by org.testng.reporters.JUnitXMLReporter -->
<testsuite ignored="0" hostname="LAPTOP-1RU859V6" failures="0" tests="4" name="Test" time="39.933" errors="0" timestamp="2024-12-25T12:12:45 IST">
  <testcase classname="testCases.TC001_AccountRegistrationTest" name="verify_account_registration" time="3.441"/>
  <testcase classname="testCases.TC002_LoginTest" name="verify_login" time="2.949"/>
  <testcase classname="testCases.TC_004_Search" name="verify_Search" time="0.876"/>
  <testcase classname="testCases.TC005_AddCart" name="Add_Cart" time="1.142"/>
</testsuite> <!-- Test -->
